<?xml version="1.0" encoding="utf-8"?><testsuites name="pytest tests"><testsuite name="pytest" errors="0" failures="0" skipped="0" tests="21" time="6.152" timestamp="2026-05-14T18:06:29.640661+00:00" hostname="agent-env-2da50b72-ca19-4563-8cb6-f17259fcf543"><testcase classname="backend.tests.backend_test.TestHealth" name="test_root" time="0.260" /><testcase classname="backend.tests.backend_test.TestHealth" name="test_health" time="0.186" /><testcase classname="backend.tests.backend_test.TestPrompts" name="test_list_prompts" time="0.128" /><testcase classname="backend.tests.backend_test.TestPrompts" name="test_prompts_genres" time="0.196" /><testcase classname="backend.tests.backend_test.TestPrompts" name="test_prompts_filter_genre" time="0.298" /><testcase classname="backend.tests.backend_test.TestAuth" name="test_session_invalid" time="0.334" /><testcase classname="backend.tests.backend_test.TestAuth" name="test_me_no_auth" time="0.122" /><testcase classname="backend.tests.backend_test.TestAuth" name="test_me_with_token" time="0.230" /><testcase classname="backend.tests.backend_test.TestGames" name="test_create_game" time="0.187" /><testcase classname="backend.tests.backend_test.TestGames" name="test_list_public_games" time="0.259" /><testcase classname="backend.tests.backend_test.TestGames" name="test_get_game_by_id" time="0.242" /><testcase classname="backend.tests.backend_test.TestGames" name="test_join_game" time="0.265" /><testcase classname="backend.tests.backend_test.TestGameFlow" name="test_start_submit_score_advance" time="1.851" /><testcase classname="backend.tests.backend_test.TestLeaderboardProfile" name="test_leaderboard" time="0.129" /><testcase classname="backend.tests.backend_test.TestLeaderboardProfile" name="test_profile" time="0.139" /><testcase classname="backend.tests.backend_test.TestLeaderboardProfile" name="test_profile_not_found" time="0.119" /><testcase classname="backend.tests.backend_test.TestAdmin" name="test_admin_requires_role" time="0.125" /><testcase classname="backend.tests.backend_test.TestAdmin" name="test_admin_stats" time="0.145" /><testcase classname="backend.tests.backend_test.TestAdmin" name="test_admin_users" time="0.126" /><testcase classname="backend.tests.backend_test.TestAdmin" name="test_admin_prompt_crud" time="0.243" /><testcase classname="backend.tests.backend_test.TestWebSocket" name="test_ws_connect_and_ack" time="0.296" /></testsuite></testsuites>